<?xml version="1.0" encoding="UTF-8"?>
<testsuites name="KICS v1.5.4" time="1.168717984s" failures="0"></testsuites>